\BOOKMARK [1][-]{Doc-Start}{Preface}{}% 1
\BOOKMARK [1][-]{section*.1}{Acknowledgment}{}% 2
\BOOKMARK [1][-]{section*.3}{Executive Summary}{}% 3
\BOOKMARK [0][-]{chapter.1}{Introduction}{}% 4
\BOOKMARK [1][-]{section.1.1}{Background}{chapter.1}% 5
\BOOKMARK [1][-]{section.1.2}{Objectives}{chapter.1}% 6
\BOOKMARK [1][-]{section.1.3}{Approach}{chapter.1}% 7
\BOOKMARK [1][-]{section.1.4}{Contributions}{chapter.1}% 8
\BOOKMARK [1][-]{section.1.5}{Limitations}{chapter.1}% 9
\BOOKMARK [1][-]{section.1.6}{Outline}{chapter.1}% 10
\BOOKMARK [0][-]{chapter.2}{Theoretical background}{}% 11
\BOOKMARK [1][-]{section.2.1}{Shape detection}{chapter.2}% 12
\BOOKMARK [2][-]{subsection.2.1.1}{The Hough transform}{section.2.1}% 13
\BOOKMARK [2][-]{subsection.2.1.2}{Shape detection using superpixels}{section.2.1}% 14
\BOOKMARK [1][-]{section.2.2}{Artificial Neural Networks}{chapter.2}% 15
\BOOKMARK [2][-]{subsection.2.2.1}{Feed-forward neural networks}{section.2.2}% 16
\BOOKMARK [2][-]{subsection.2.2.2}{Training a neural network}{section.2.2}% 17
\BOOKMARK [2][-]{subsection.2.2.3}{Activation functions}{section.2.2}% 18
\BOOKMARK [2][-]{subsection.2.2.4}{Loss functions}{section.2.2}% 19
\BOOKMARK [2][-]{subsection.2.2.5}{Hyperparamenters}{section.2.2}% 20
\BOOKMARK [2][-]{subsection.2.2.6}{Convolutional neural networks}{section.2.2}% 21
\BOOKMARK [1][-]{section.2.3}{Height estimation using remote sensing}{chapter.2}% 22
\BOOKMARK [2][-]{subsection.2.3.1}{Synthetic Aperture Radar \(SAR\)}{section.2.3}% 23
\BOOKMARK [2][-]{subsection.2.3.2}{Light Detection And Ranging \(LIDAR\)}{section.2.3}% 24
\BOOKMARK [2][-]{subsection.2.3.3}{Height detection using shadows from imagery}{section.2.3}% 25
\BOOKMARK [0][-]{chapter.3}{Related Work}{}% 26
\BOOKMARK [1][-]{section.3.1}{Standard methods for shape detection}{chapter.3}% 27
\BOOKMARK [2][-]{subsection.3.1.1}{Shape detection using the Hough Transform}{section.3.1}% 28
\BOOKMARK [2][-]{subsection.3.1.2}{Simple Linear Iterative Clustering \(SLIC\)}{section.3.1}% 29
\BOOKMARK [1][-]{section.3.2}{The development of Convolutional neural networks}{chapter.3}% 30
\BOOKMARK [2][-]{subsection.3.2.1}{Early adaption of convolutional neural networks}{section.3.2}% 31
\BOOKMARK [2][-]{subsection.3.2.2}{Deep Convolutional Neural Networks}{section.3.2}% 32
\BOOKMARK [1][-]{section.3.3}{Shape detection using convolution neural networks}{chapter.3}% 33
\BOOKMARK [1][-]{section.3.4}{Height estimation form a nadir perspective}{chapter.3}% 34
\BOOKMARK [2][-]{subsection.3.4.1}{Building height retrieval from VHR SAR Imagery}{section.3.4}% 35
\BOOKMARK [2][-]{subsection.3.4.2}{Height estimation from InSAR analysis}{section.3.4}% 36
\BOOKMARK [0][-]{chapter.4}{Equations, etc}{}% 37
\BOOKMARK [1][-]{section.4.1}{Simple Equations}{chapter.4}% 38
\BOOKMARK [1][-]{section.4.2}{Including Figures}{chapter.4}% 39
\BOOKMARK [1][-]{section.4.3}{Including Tables}{chapter.4}% 40
\BOOKMARK [1][-]{section.4.4}{Copying Figures and Tables}{chapter.4}% 41
\BOOKMARK [1][-]{section.4.5}{References to Figures and Tables}{chapter.4}% 42
\BOOKMARK [1][-]{section.4.6}{A Word About Font-encoding}{chapter.4}% 43
\BOOKMARK [1][-]{section.4.7}{Plagiarism}{chapter.4}% 44
\BOOKMARK [0][-]{chapter.5}{Conclusions}{}% 45
\BOOKMARK [1][-]{section.5.1}{Summary and Conclusions}{chapter.5}% 46
\BOOKMARK [1][-]{section.5.2}{Discussion}{chapter.5}% 47
\BOOKMARK [1][-]{section.5.3}{Recommendations for Further Work}{chapter.5}% 48
\BOOKMARK [0][-]{appendix.A}{Acronyms}{}% 49
\BOOKMARK [0][-]{appendix.B}{What to put in appendixes}{}% 50
\BOOKMARK [1][-]{section.B.1}{Introduction}{appendix.B}% 51
\BOOKMARK [2][-]{subsection.B.1.1}{More Details}{section.B.1}% 52
\BOOKMARK [0][-]{subsection.B.1.1}{Bibliography}{}% 53
